2023-06-28 23:12:16,908 INFO o.h.v.i.u.Version [background-preinit] HV000001: Hibernate Validator 8.0.0.Final
2023-06-28 23:12:16,924 INFO o.s.b.StartupInfoLogger [main] Starting SpringBootApiApplicationTests using Java 20 with PID 51790 (started by tzesh in /Users/tzesh/Projects/SpringBootTemplate/spring-boot-template-api)
2023-06-28 23:12:16,926 DEBUG o.s.b.StartupInfoLogger [main] Running with Spring Boot v3.0.6, Spring v6.0.8
2023-06-28 23:12:16,927 INFO o.s.b.SpringApplication [main] No active profile set, falling back to 1 default profile: "default"
2023-06-28 23:12:17,330 INFO o.s.d.r.c.RepositoryConfigurationDelegate [main] Bootstrapping Spring Data JPA repositories in DEFAULT mode.
2023-06-28 23:12:17,364 INFO o.s.d.r.c.RepositoryConfigurationDelegate [main] Finished Spring Data repository scanning in 30 ms. Found 2 JPA repository interfaces.
2023-06-28 23:12:17,640 INFO o.h.j.i.u.LogHelper [main] HHH000204: Processing PersistenceUnitInfo [name: default]
2023-06-28 23:12:17,660 INFO o.h.Version [main] HHH000412: Hibernate ORM core version 6.1.7.Final
2023-06-28 23:12:17,775 INFO c.z.h.HikariDataSource [main] HikariPool-1 - Starting...
2023-06-28 23:12:17,871 INFO c.z.h.p.HikariPool [main] HikariPool-1 - Added connection conn0: url=jdbc:h2:mem:test user=SA
2023-06-28 23:12:17,871 INFO c.z.h.HikariDataSource [main] HikariPool-1 - Start completed.
2023-06-28 23:12:17,883 INFO o.h.e.j.d.i.DialectFactoryImpl [main] HHH000400: Using dialect: org.hibernate.dialect.H2Dialect
2023-06-28 23:12:18,288 INFO o.h.e.t.j.p.i.JtaPlatformInitiator [main] HHH000490: Using JtaPlatform implementation: [org.hibernate.engine.transaction.jta.platform.internal.NoJtaPlatform]
2023-06-28 23:12:18,291 INFO o.s.o.j.AbstractEntityManagerFactoryBean [main] Initialized JPA EntityManagerFactory for persistence unit 'default'
2023-06-28 23:12:18,707 WARN o.s.b.a.o.j.JpaBaseConfiguration$JpaWebConfiguration [main] spring.jpa.open-in-view is enabled by default. Therefore, database queries may be performed during view rendering. Explicitly configure spring.jpa.open-in-view to disable this warning
2023-06-28 23:12:18,892 INFO o.s.s.w.DefaultSecurityFilterChain [main] Will secure any request with [org.springframework.security.web.session.DisableEncodeUrlFilter@75f2a654, org.springframework.security.web.context.request.async.WebAsyncManagerIntegrationFilter@5680228, org.springframework.security.web.context.SecurityContextHolderFilter@34b69a14, org.springframework.security.web.header.HeaderWriterFilter@60ee6f76, org.springframework.security.web.authentication.logout.LogoutFilter@8e0b048, com.tzesh.springtemplate.config.JwtAuthenticationFilter@1c8e4810, org.springframework.security.web.savedrequest.RequestCacheAwareFilter@19cb3f, org.springframework.security.web.servletapi.SecurityContextHolderAwareRequestFilter@738a1324, org.springframework.security.web.authentication.AnonymousAuthenticationFilter@5411a529, org.springframework.security.web.session.SessionManagementFilter@3e0575a2, org.springframework.security.web.access.ExceptionTranslationFilter@198fe398, org.springframework.security.web.access.intercept.AuthorizationFilter@6eec092]
2023-06-28 23:12:19,059 INFO o.s.b.a.h.H2ConsoleAutoConfiguration [main] H2 console available at '/h2-console'. Database available at 'jdbc:h2:mem:test'
2023-06-28 23:12:19,099 INFO o.s.b.StartupInfoLogger [main] Started SpringBootApiApplicationTests in 2.285 seconds (process running for 2.872)
2023-06-28 23:12:19,226 INFO o.s.b.StartupInfoLogger [main] Starting UserControllerTest using Java 20 with PID 51790 (started by tzesh in /Users/tzesh/Projects/SpringBootTemplate/spring-boot-template-api)
2023-06-28 23:12:19,227 DEBUG o.s.b.StartupInfoLogger [main] Running with Spring Boot v3.0.6, Spring v6.0.8
2023-06-28 23:12:19,227 INFO o.s.b.SpringApplication [main] No active profile set, falling back to 1 default profile: "default"
2023-06-28 23:12:19,324 INFO o.s.d.r.c.RepositoryConfigurationDelegate [main] Bootstrapping Spring Data JPA repositories in DEFAULT mode.
2023-06-28 23:12:19,332 INFO o.s.d.r.c.RepositoryConfigurationDelegate [main] Finished Spring Data repository scanning in 7 ms. Found 2 JPA repository interfaces.
2023-06-28 23:12:19,438 INFO o.s.b.w.e.t.TomcatWebServer [main] Tomcat initialized with port(s): 0 (http)
2023-06-28 23:12:19,443 INFO o.a.j.l.DirectJDKLog [main] Initializing ProtocolHandler ["http-nio-auto-1"]
2023-06-28 23:12:19,443 INFO o.a.j.l.DirectJDKLog [main] Starting service [Tomcat]
2023-06-28 23:12:19,443 INFO o.a.j.l.DirectJDKLog [main] Starting Servlet engine: [Apache Tomcat/10.1.8]
2023-06-28 23:12:19,485 INFO o.a.j.l.DirectJDKLog [main] Initializing Spring embedded WebApplicationContext
2023-06-28 23:12:19,485 INFO o.s.b.w.s.c.ServletWebServerApplicationContext [main] Root WebApplicationContext: initialization completed in 258 ms
2023-06-28 23:12:19,494 INFO c.z.h.HikariDataSource [main] HikariPool-2 - Starting...
2023-06-28 23:12:19,495 INFO c.z.h.p.HikariPool [main] HikariPool-2 - Added connection conn10: url=jdbc:h2:mem:test user=SA
2023-06-28 23:12:19,495 INFO c.z.h.HikariDataSource [main] HikariPool-2 - Start completed.
2023-06-28 23:12:19,496 INFO o.s.b.a.h.H2ConsoleAutoConfiguration [main] H2 console available at '/h2-console'. Database available at 'jdbc:h2:mem:test'
2023-06-28 23:12:19,514 INFO o.h.j.i.u.LogHelper [main] HHH000204: Processing PersistenceUnitInfo [name: default]
2023-06-28 23:12:19,518 INFO o.h.e.j.d.i.DialectFactoryImpl [main] HHH000400: Using dialect: org.hibernate.dialect.H2Dialect
2023-06-28 23:12:19,555 INFO o.h.e.t.j.p.i.JtaPlatformInitiator [main] HHH000490: Using JtaPlatform implementation: [org.hibernate.engine.transaction.jta.platform.internal.NoJtaPlatform]
2023-06-28 23:12:19,556 INFO o.s.o.j.AbstractEntityManagerFactoryBean [main] Initialized JPA EntityManagerFactory for persistence unit 'default'
2023-06-28 23:12:19,599 DEBUG o.s.w.f.GenericFilterBean [main] Filter 'jwtAuthenticationFilter' configured for use
2023-06-28 23:12:19,633 WARN o.s.b.a.o.j.JpaBaseConfiguration$JpaWebConfiguration [main] spring.jpa.open-in-view is enabled by default. Therefore, database queries may be performed during view rendering. Explicitly configure spring.jpa.open-in-view to disable this warning
2023-06-28 23:12:19,678 INFO o.s.s.w.DefaultSecurityFilterChain [main] Will secure any request with [org.springframework.security.web.session.DisableEncodeUrlFilter@1b786da0, org.springframework.security.web.context.request.async.WebAsyncManagerIntegrationFilter@7c453a1f, org.springframework.security.web.context.SecurityContextHolderFilter@89537c1, org.springframework.security.web.header.HeaderWriterFilter@4812c244, org.springframework.security.web.authentication.logout.LogoutFilter@24287e5e, com.tzesh.springtemplate.config.JwtAuthenticationFilter@59fe8d94, org.springframework.security.web.savedrequest.RequestCacheAwareFilter@56ed024b, org.springframework.security.web.servletapi.SecurityContextHolderAwareRequestFilter@8b3ea30, org.springframework.security.web.authentication.AnonymousAuthenticationFilter@28062dc2, org.springframework.security.web.session.SessionManagementFilter@231e5af, org.springframework.security.web.access.ExceptionTranslationFilter@4c32428a, org.springframework.security.web.access.intercept.AuthorizationFilter@d9c54cd]
2023-06-28 23:12:19,734 INFO o.a.j.l.DirectJDKLog [main] Starting ProtocolHandler ["http-nio-auto-1"]
2023-06-28 23:12:19,749 INFO o.s.b.w.e.t.TomcatWebServer [main] Tomcat started on port(s): 59884 (http) with context path '/api/v1'
2023-06-28 23:12:19,751 INFO o.s.b.StartupInfoLogger [main] Started UserControllerTest in 0.54 seconds (process running for 3.524)
2023-06-28 23:12:19,812 INFO o.a.j.l.DirectJDKLog [http-nio-auto-1-exec-1] Initializing Spring DispatcherServlet 'dispatcherServlet'
2023-06-28 23:12:19,812 INFO o.s.w.s.FrameworkServlet [http-nio-auto-1-exec-1] Initializing Servlet 'dispatcherServlet'
2023-06-28 23:12:19,813 INFO o.s.w.s.FrameworkServlet [http-nio-auto-1-exec-1] Completed initialization in 1 ms
2023-06-28 23:12:19,836 ERROR c.t.s.c.JwtAuthenticationEntryPoint [http-nio-auto-1-exec-1] Unauthorized to access this resource: GenericErrorMessage(timestamp=2023-06-28T23:12:19.825176, message=Unauthorized to access this resource, details=Full authentication is required to access this resource, path=/api/v1/users/)
2023-06-28 23:12:19,849 ERROR c.t.s.c.JwtAuthenticationEntryPoint [http-nio-auto-1-exec-2] Unauthorized to access this resource: GenericErrorMessage(timestamp=2023-06-28T23:12:19.848669, message=Unauthorized to access this resource, details=Full authentication is required to access this resource, path=/api/v1/users/1)
2023-06-28 23:12:19,854 ERROR c.t.s.c.JwtAuthenticationEntryPoint [http-nio-auto-1-exec-3] Unauthorized to access this resource: GenericErrorMessage(timestamp=2023-06-28T23:12:19.853802, message=Unauthorized to access this resource, details=Full authentication is required to access this resource, path=/api/v1/users/current)
2023-06-28 23:12:19,859 ERROR c.t.s.c.JwtAuthenticationEntryPoint [http-nio-auto-1-exec-4] Unauthorized to access this resource: GenericErrorMessage(timestamp=2023-06-28T23:12:19.859146, message=Unauthorized to access this resource, details=Full authentication is required to access this resource, path=/api/v1/users/current)
2023-06-28 23:12:20,074 INFO o.s.o.j.AbstractEntityManagerFactoryBean [SpringApplicationShutdownHook] Closing JPA EntityManagerFactory for persistence unit 'default'
2023-06-28 23:12:20,075 INFO c.z.h.HikariDataSource [SpringApplicationShutdownHook] HikariPool-1 - Shutdown initiated...
2023-06-28 23:12:20,076 INFO c.z.h.HikariDataSource [SpringApplicationShutdownHook] HikariPool-1 - Shutdown completed.
2023-06-28 23:12:20,088 INFO o.s.o.j.AbstractEntityManagerFactoryBean [SpringApplicationShutdownHook] Closing JPA EntityManagerFactory for persistence unit 'default'
2023-06-28 23:12:20,089 INFO c.z.h.HikariDataSource [SpringApplicationShutdownHook] HikariPool-2 - Shutdown initiated...
2023-06-28 23:12:20,090 INFO c.z.h.HikariDataSource [SpringApplicationShutdownHook] HikariPool-2 - Shutdown completed.
